(dev) juddw@N-20MAPF1PLWX7:~/git/github/juddowilcox/provider-jet-github$ make generate
11:58:03 [ .. ] verify dependencies have expected content
all modules verified
11:58:10 [ OK ] go modules dependencies verified
11:58:10 [ .. ] installing terraform linux-x86_64
Archive:  /home/juddw/git/github/juddowilcox/provider-jet-github/.cache/tools/linux_x86_64/tmp-terraform/terraform.zip
  inflating: /home/juddw/git/github/juddowilcox/provider-jet-github/.cache/tools/linux_x86_64/tmp-terraform/terraform
11:58:32 [ OK ] installing terraform linux-x86_64
11:58:32 [ .. ] generating provider schema for integrations/github 4.19.2
11:58:45 [ OK ] generating provider schema for integrations/github 4.19.2
11:58:45 [ .. ] go generate linux_amd64
go: downloading k8s.io/apimachinery v0.23.0
go: downloading sigs.k8s.io/controller-runtime v0.11.0
go: downloading github.com/crossplane/terrajet v0.4.0-rc.0.0.20220510203225-5e7094f2ea5c
go: downloading github.com/crossplane/crossplane-runtime v0.15.1-0.20220315141414-988c9ba9c255
go: downloading gopkg.in/alecthomas/kingpin.v2 v2.2.6
go: downloading k8s.io/client-go v0.23.0
go: downloading sigs.k8s.io/controller-tools v0.8.0
go: downloading github.com/crossplane/crossplane-tools v0.0.0-20220310165030-1f43fc12793e
go: downloading github.com/pkg/errors v0.9.1
go: downloading github.com/hashicorp/terraform-plugin-sdk/v2 v2.7.0
go: downloading github.com/imdario/mergo v0.3.12
go: downloading k8s.io/api v0.23.0
go: downloading golang.org/x/time v0.0.0-20210723032227-1f47c861a9ac
go: downloading github.com/spf13/afero v1.8.0
go: downloading github.com/go-logr/logr v1.2.0
go: downloading github.com/muvaf/typewriter v0.0.0-20220131201631-921e94e8e8d7
go: downloading k8s.io/utils v0.0.0-20210930125809-cb0fa318a74b
go: downloading github.com/evanphx/json-patch v4.12.0+incompatible
go: downloading github.com/google/go-cmp v0.5.6
go: downloading go.uber.org/zap v1.19.1
go: downloading github.com/go-logr/zapr v1.2.0
go: downloading github.com/hashicorp/terraform-json v0.13.0
go: downloading github.com/gogo/protobuf v1.3.2
go: downloading k8s.io/klog/v2 v2.30.0
go: downloading sigs.k8s.io/structured-merge-diff/v4 v4.2.0
go: downloading github.com/google/gofuzz v1.1.0
go: downloading github.com/alecthomas/template v0.0.0-20190718012654-fb15b899a751
go: downloading github.com/alecthomas/units v0.0.0-20210912230133-d1bdfacee922
go: downloading github.com/prometheus/client_golang v1.11.0
go: downloading github.com/json-iterator/go v1.1.12
go: downloading golang.org/x/tools v0.1.6-0.20210820212750-d4cc65f0b2ff
go: downloading golang.org/x/text v0.3.7
go: downloading github.com/spf13/cobra v1.2.1
go: downloading sigs.k8s.io/json v0.0.0-20211020170558-c049b76a60c6
go: downloading k8s.io/kube-openapi v0.0.0-20211115234752-e816edb12b65
go: downloading golang.org/x/net v0.0.0-20210825183410-e898025ed96a
go: downloading github.com/hashicorp/vault/api v1.3.1
go: downloading github.com/golang/groupcache v0.0.0-20210331224755-41bb18bfe9da
go: downloading github.com/hashicorp/go-cty v1.4.1-0.20200414143053-d3edf31b6320
go: downloading github.com/hashicorp/go-multierror v1.1.1
go: downloading github.com/hashicorp/terraform-plugin-go v0.3.0
go: downloading github.com/mitchellh/copystructure v1.2.0
go: downloading github.com/mitchellh/mapstructure v1.4.2
go: downloading github.com/mitchellh/go-testing-interface v1.0.4
go: downloading github.com/zclconf/go-cty v1.9.1
go: downloading github.com/fatih/camelcase v1.0.0
go: downloading github.com/iancoleman/strcase v0.2.0
go: downloading gopkg.in/inf.v0 v0.9.1
go: downloading go.uber.org/atomic v1.9.0
go: downloading go.uber.org/multierr v1.7.0
go: downloading k8s.io/component-base v0.23.0
go: downloading gomodules.xyz/jsonpatch/v2 v2.2.0
go: downloading github.com/dave/jennifer v1.4.1
go: downloading github.com/hashicorp/go-version v1.3.0
go: downloading k8s.io/apiextensions-apiserver v0.23.0
go: downloading github.com/spf13/pflag v1.0.5
go: downloading golang.org/x/term v0.0.0-20210615171337-6886f2dfbf5b
go: downloading gopkg.in/yaml.v2 v2.4.0
go: downloading github.com/gobuffalo/flect v0.2.3
go: downloading sigs.k8s.io/yaml v1.3.0
go: downloading github.com/fatih/color v1.12.0
go: downloading gopkg.in/yaml.v3 v3.0.0-20210107192922-496545a6307b
go: downloading github.com/davecgh/go-spew v1.1.1
go: downloading github.com/modern-go/concurrent v0.0.0-20180306012644-bacd9c7ef1dd
go: downloading github.com/modern-go/reflect2 v1.0.2
go: downloading golang.org/x/oauth2 v0.0.0-20210819190943-2bc19b11175f
go: downloading github.com/golang/protobuf v1.5.2
go: downloading github.com/googleapis/gnostic v0.5.5
go: downloading github.com/prometheus/client_model v0.2.0
go: downloading github.com/prometheus/common v0.28.0
go: downloading github.com/cenkalti/backoff/v3 v3.0.0
go: downloading github.com/hashicorp/errwrap v1.1.0
go: downloading github.com/hashicorp/go-cleanhttp v0.5.2
go: downloading github.com/hashicorp/go-retryablehttp v0.6.6
go: downloading github.com/hashicorp/go-rootcerts v1.0.2
go: downloading github.com/hashicorp/go-secure-stdlib/parseutil v0.1.1
go: downloading github.com/hashicorp/hcl v1.0.0
go: downloading github.com/hashicorp/vault/sdk v0.3.0
go: downloading gopkg.in/square/go-jose.v2 v2.5.1
go: downloading golang.org/x/sys v0.0.0-20211029165221-6e7872819dc8
go: downloading golang.org/x/xerrors v0.0.0-20200804184101-5ec99f83aff1
go: downloading github.com/hashicorp/hcl/v2 v2.8.2
go: downloading github.com/hashicorp/go-uuid v1.0.2
go: downloading github.com/mitchellh/reflectwalk v1.0.2
go: downloading github.com/vmihailenco/msgpack v4.0.4+incompatible
go: downloading github.com/google/uuid v1.1.2
go: downloading github.com/beorn7/perks v1.0.1
go: downloading github.com/cespare/xxhash/v2 v2.1.1
go: downloading github.com/prometheus/procfs v0.6.0
go: downloading github.com/fsnotify/fsnotify v1.5.1
go: downloading github.com/mattn/go-colorable v0.1.8
go: downloading github.com/mattn/go-isatty v0.0.12
go: downloading google.golang.org/protobuf v1.27.1
go: downloading github.com/matttproud/golang_protobuf_extensions v1.0.2-0.20181231171920-c182affec369
go: downloading golang.org/x/mod v0.4.2
go: downloading github.com/hashicorp/go-secure-stdlib/strutil v0.1.1
go: downloading github.com/hashicorp/go-sockaddr v1.0.2
go: downloading github.com/hashicorp/go-hclog v0.16.2
go: downloading github.com/agext/levenshtein v1.2.2
go: downloading github.com/apparentlymart/go-textseg/v12 v12.0.0
go: downloading github.com/golang/snappy v0.0.4
go: downloading github.com/armon/go-metrics v0.3.9
go: downloading github.com/mitchellh/go-wordwrap v1.0.0
go: downloading github.com/hashicorp/golang-lru v0.5.4
go: downloading github.com/pierrec/lz4 v2.5.2+incompatible
go: downloading github.com/hashicorp/go-plugin v1.4.3
go: downloading github.com/hashicorp/go-secure-stdlib/mlock v0.1.1
go: downloading github.com/armon/go-radix v1.0.0
go: downloading golang.org/x/crypto v0.0.0-20211108221036-ceb1ce70b4fa
go: downloading github.com/apparentlymart/go-textseg/v13 v13.0.0
go: downloading github.com/hashicorp/go-immutable-radix v1.3.1
go: downloading github.com/ryanuber/go-glob v1.0.0
go: downloading github.com/hashicorp/yamux v0.0.0-20181012175058-2f1d1f20f75d
go: downloading github.com/oklog/run v1.0.0
go: downloading google.golang.org/grpc v1.41.0
go: downloading google.golang.org/genproto v0.0.0-20210831024726-fe130286e0e2
panic: runtime error: invalid memory address or nil pointer dereference
[signal SIGSEGV: segmentation violation code=0x1 addr=0x50 pc=0x12a9246]

goroutine 1 [running]:
github.com/crossplane/terrajet/pkg/types.init.0()
        /home/juddw/git/github/juddowilcox/provider-jet-github/.work/pkg/pkg/mod/github.com/crossplane/terrajet@v0.4.0-rc.0.0.20220510203225-5e7094f2ea5c/pkg/types/reference.go:73 +0x126
exit status 2
apis/generate.go:33: running "go": exit status 1
generate: open /home/juddw/git/github/juddowilcox/provider-jet-github/apis/v1alpha1/zz_generated.deepcopy.go: no such file or directory
12:00:32 [FAIL]
make[1]: *** [build/makelib/golang.mk:271: go.generate] Error 1
make: *** [build/makelib/common.mk:419: generate] Error 2
